<?xml version="1.0" encoding="UTF-8"?>
<!-- Generated by org.testng.reporters.JUnitReportReporter -->
<testsuite hostname="hp-PC" name="com.datadriven.test.HalfEbayTest" tests="7" failures="0" timestamp="10 Feb 2019 05:33:37 GMT" time="84.329" errors="0">
  <testcase name="halfEbayRegPageTest" time="14.715" classname="com.datadriven.test.HalfEbayTest"/>
  <testcase name="halfEbayRegPageTest" time="10.825" classname="com.datadriven.test.HalfEbayTest"/>
  <testcase name="halfEbayRegPageTest" time="11.270" classname="com.datadriven.test.HalfEbayTest"/>
  <testcase name="halfEbayRegPageTest" time="12.782" classname="com.datadriven.test.HalfEbayTest"/>
  <testcase name="halfEbayRegPageTest" time="10.630" classname="com.datadriven.test.HalfEbayTest"/>
  <testcase name="halfEbayRegPageTest" time="11.116" classname="com.datadriven.test.HalfEbayTest"/>
  <testcase name="halfEbayRegPageTest" time="12.991" classname="com.datadriven.test.HalfEbayTest"/>
</testsuite> <!-- com.datadriven.test.HalfEbayTest -->
